[90m[main 2025-09-27T13:39:56.002Z][0m updateURL https://api2.cursor.sh/updates/api/update/linux-x64/cursor/1.5.11/6911d02bee6b6211a3453555521cbad12fb9d55d6262a4f9366b973cc6b28590/stable
[90m[main 2025-09-27T13:39:56.003Z][0m update#setState idle
[91m[main 2025-09-27T13:39:57.860Z][0m vscode-file: Refused to load resource /tmp/.mount_Cursor4PuCTT/usr/share/cursor/resources/app/extensions/theme-seti/icons/seti.woff from vscode-file: protocol (original URL: vscode-file://vscode-app/tmp/.mount_Cursor4PuCTT/usr/share/cursor/resources/app/extensions/theme-seti/icons/seti.woff)
[90m[main 2025-09-27T13:40:26.007Z][0m update#setState checking for updates
[90m[main 2025-09-27T13:40:26.140Z][0m update#setState ready
[90m[main 2025-09-27T13:42:07.121Z][0m Extension host with pid 9429 exited with code: 0, signal: unknown.
[91m[main 2025-09-27T13:42:07.201Z][0m [UtilityProcess id: 1, type: fileWatcher, pid: 9428]: crashed with code 15 and reason 'killed'
[90m[main 2025-09-27T13:43:15.983Z][0m updateURL https://api2.cursor.sh/updates/api/update/linux-x64/cursor/1.5.11/6911d02bee6b6211a3453555521cbad12fb9d55d6262a4f9366b973cc6b28590/stable
[90m[main 2025-09-27T13:43:15.984Z][0m update#setState idle
[91m[main 2025-09-27T13:43:17.890Z][0m vscode-file: Refused to load resource /tmp/.mount_CursorIaw9Ds/usr/share/cursor/resources/app/extensions/theme-seti/icons/seti.woff from vscode-file: protocol (original URL: vscode-file://vscode-app/tmp/.mount_CursorIaw9Ds/usr/share/cursor/resources/app/extensions/theme-seti/icons/seti.woff)
[91m[main 2025-09-27T13:43:25.060Z][0m ptyHost terminated unexpectedly with code 2
[93m[main 2025-09-27T13:43:25.061Z][0m [UtilityProcess type: ptyHost, pid: 12097]: unable to kill the process
[91m[main 2025-09-27T13:43:25.076Z][0m [UtilityProcessWorker]: terminated unexpectedly with code 2, signal: unknown
[91m[main 2025-09-27T13:43:25.077Z][0m [UtilityProcess id: 1, type: fileWatcher, pid: 12049]: crashed with code 2 and reason 'killed'
[91m[main 2025-09-27T13:43:25.083Z][0m [UtilityProcess type: shared-process, pid: 12048]: crashed with code 2 and reason 'killed'
[90m[main 2025-09-27T13:43:25.086Z][0m Extension host with pid 12050 exited with code: 2, signal: unknown.
[91m[main 2025-09-27T13:43:25.086Z][0m [UtilityProcess id: 1, type: extensionHost, pid: 12050]: crashed with code 2 and reason 'killed'
[91m[main 2025-09-27T13:43:25.200Z][0m CodeWindow: failed to load (reason: <unknown>, code: -3)
[90m[main 2025-09-27T13:43:57.371Z][0m updateURL https://api2.cursor.sh/updates/api/update/linux-x64/cursor/1.5.11/6911d02bee6b6211a3453555521cbad12fb9d55d6262a4f9366b973cc6b28590/stable
[90m[main 2025-09-27T13:43:57.372Z][0m update#setState idle
[91m[main 2025-09-27T13:43:59.358Z][0m vscode-file: Refused to load resource /tmp/.mount_CursorRI78Et/usr/share/cursor/resources/app/extensions/theme-seti/icons/seti.woff from vscode-file: protocol (original URL: vscode-file://vscode-app/tmp/.mount_CursorRI78Et/usr/share/cursor/resources/app/extensions/theme-seti/icons/seti.woff)
[91m[main 2025-09-27T13:44:03.079Z][0m Listing processes failed: Error: Command failed: "/tmp/.mount_CursorPfCsAv/usr/share/cursor/resources/app/out/vs/base/node/cpuUsage.sh" 12888 12924 12925 12959 12964 13150 13369

[12888:0927/104403.082810:ERROR:network_service_instance_impl.cc(613)] Network service crashed, restarting service.
[90m[main 2025-09-27T13:44:03.097Z][0m Extension host with pid 13151 exited with code: 0, signal: unknown.
[12888:0927/104403.103919:ERROR:zygote_communication_linux.cc(296)] Failed to send GetTerminationStatus message to zygote
[91m[main 2025-09-27T13:44:03.104Z][0m CodeWindow: renderer process gone (reason: clean-exit, code: <unknown>)
[12888:0927/104407.019275:ERROR:browser_main_loop.cc(278)] GLib-GObject: ../../../gobject/gsignal.c:2685: instance '0x24ac000f6f10' has no handler with id '2388'
Error sending from webFrameMain:  Error: Render frame was disposed before WebFrameMain could be accessed
    at s.send (node:electron/js2c/browser_init:2:93094)
    at _.send (node:electron/js2c/browser_init:2:76130)
    at B_.send (file:///tmp/.mount_CursorPfCsAv/usr/share/cursor/resources/app/out/main.js:35:28474)
    at Jg.sendBuffer (file:///tmp/.mount_CursorPfCsAv/usr/share/cursor/resources/app/out/main.js:33:13410)
    at Jg.send (file:///tmp/.mount_CursorPfCsAv/usr/share/cursor/resources/app/out/main.js:33:13350)
    at Jg.sendResponse (file:///tmp/.mount_CursorPfCsAv/usr/share/cursor/resources/app/out/main.js:33:13201)
    at ac.value (file:///tmp/.mount_CursorPfCsAv/usr/share/cursor/resources/app/out/main.js:34:343)
    at I._deliver (file:///tmp/.mount_CursorPfCsAv/usr/share/cursor/resources/app/out/main.js:32:2937)
    at I.fire (file:///tmp/.mount_CursorPfCsAv/usr/share/cursor/resources/app/out/main.js:32:3257)
    at file:///tmp/.mount_CursorPfCsAv/usr/share/cursor/resources/app/out/main.js:30:7111
    at file:///tmp/.mount_CursorPfCsAv/usr/share/cursor/resources/app/out/main.js:30:5892
    at ac.value (file:///tmp/.mount_CursorPfCsAv/usr/share/cursor/resources/app/out/main.js:30:5892)
    at I._deliver (file:///tmp/.mount_CursorPfCsAv/usr/share/cursor/resources/app/out/main.js:32:2937)
    at I._deliverQueue (file:///tmp/.mount_CursorPfCsAv/usr/share/cursor/resources/app/out/main.js:32:3028)
    at I.fire (file:///tmp/.mount_CursorPfCsAv/usr/share/cursor/resources/app/out/main.js:32:3364)
    at ac.value (file:///tmp/.mount_CursorPfCsAv/usr/share/cursor/resources/app/out/main.js:30:5754)
    at I._deliver (file:///tmp/.mount_CursorPfCsAv/usr/share/cursor/resources/app/out/main.js:32:2937)
    at I.fire (file:///tmp/.mount_CursorPfCsAv/usr/share/cursor/resources/app/out/main.js:32:3257)
    at App.H (file:///tmp/.mount_CursorPfCsAv/usr/share/cursor/resources/app/out/main.js:30:8047)
    at App.emit (node:events:536:35)
    at BrowserWindow.<anonymous> (node:electron/js2c/browser_init:2:12727)
    at BrowserWindow.emit (node:events:536:35)
Error sending from webFrameMain:  Error: Render frame was disposed before WebFrameMain could be accessed
    at s.send (node:electron/js2c/browser_init:2:93094)
    at _.send (node:electron/js2c/browser_init:2:76130)
    at B_.send (file:///tmp/.mount_CursorPfCsAv/usr/share/cursor/resources/app/out/main.js:35:28474)
    at Jg.sendBuffer (file:///tmp/.mount_CursorPfCsAv/usr/share/cursor/resources/app/out/main.js:33:13410)
    at Jg.send (file:///tmp/.mount_CursorPfCsAv/usr/share/cursor/resources/app/out/main.js:33:13350)
    at Jg.sendResponse (file:///tmp/.mount_CursorPfCsAv/usr/share/cursor/resources/app/out/main.js:33:13201)
    at ac.value (file:///tmp/.mount_CursorPfCsAv/usr/share/cursor/resources/app/out/main.js:34:343)
    at I._deliver (file:///tmp/.mount_CursorPfCsAv/usr/share/cursor/resources/app/out/main.js:32:2937)
    at I.fire (file:///tmp/.mount_CursorPfCsAv/usr/share/cursor/resources/app/out/main.js:32:3257)
    at ac.value (file:///tmp/.mount_CursorPfCsAv/usr/share/cursor/resources/app/out/main.js:30:5754)
    at I._deliver (file:///tmp/.mount_CursorPfCsAv/usr/share/cursor/resources/app/out/main.js:32:2937)
    at I.fire (file:///tmp/.mount_CursorPfCsAv/usr/share/cursor/resources/app/out/main.js:32:3257)
    at ac.value (file:///tmp/.mount_CursorPfCsAv/usr/share/cursor/resources/app/out/main.js:30:5570)
    at I._deliver (file:///tmp/.mount_CursorPfCsAv/usr/share/cursor/resources/app/out/main.js:32:2937)
    at I._deliverQueue (file:///tmp/.mount_CursorPfCsAv/usr/share/cursor/resources/app/out/main.js:32:3028)
    at I.fire (file:///tmp/.mount_CursorPfCsAv/usr/share/cursor/resources/app/out/main.js:32:3364)
    at fE.deregisterLogger (file:///tmp/.mount_CursorPfCsAv/usr/share/cursor/resources/app/out/main.js:37:21179)
    at fE.deregisterLogger (file:///tmp/.mount_CursorPfCsAv/usr/share/cursor/resources/app/out/main.js:55:32899)
    at fE.deregisterLoggers (file:///tmp/.mount_CursorPfCsAv/usr/share/cursor/resources/app/out/main.js:55:33662)
    at Rl.dispose (file:///tmp/.mount_CursorPfCsAv/usr/share/cursor/resources/app/out/main.js:61:519)
    at ac.value (file:///tmp/.mount_CursorPfCsAv/usr/share/cursor/resources/app/out/main.js:57:64720)
    at I._deliver (file:///tmp/.mount_CursorPfCsAv/usr/share/cursor/resources/app/out/main.js:32:2937)
    at I.fire (file:///tmp/.mount_CursorPfCsAv/usr/share/cursor/resources/app/out/main.js:32:3257)
    at BrowserWindow.H (file:///tmp/.mount_CursorPfCsAv/usr/share/cursor/resources/app/out/main.js:30:8047)
    at BrowserWindow.emit (node:events:536:35)
    at Rl.destroyWindow (file:///tmp/.mount_CursorPfCsAv/usr/share/cursor/resources/app/out/main.js:57:79435)
    at Rl.onWindowError (file:///tmp/.mount_CursorPfCsAv/usr/share/cursor/resources/app/out/main.js:57:78755)
    at process.processTicksAndRejections (node:internal/process/task_queues:95:5)
Error sending from webFrameMain:  Error: Render frame was disposed before WebFrameMain could be accessed
    at s.send (node:electron/js2c/browser_init:2:93094)
    at _.send (node:electron/js2c/browser_init:2:76130)
    at B_.send (file:///tmp/.mount_CursorPfCsAv/usr/share/cursor/resources/app/out/main.js:35:28474)
    at Jg.sendBuffer (file:///tmp/.mount_CursorPfCsAv/usr/share/cursor/resources/app/out/main.js:33:13410)
    at Jg.send (file:///tmp/.mount_CursorPfCsAv/usr/share/cursor/resources/app/out/main.js:33:13350)
    at Jg.sendResponse (file:///tmp/.mount_CursorPfCsAv/usr/share/cursor/resources/app/out/main.js:33:13201)
    at ac.value (file:///tmp/.mount_CursorPfCsAv/usr/share/cursor/resources/app/out/main.js:34:343)
    at I._deliver (file:///tmp/.mount_CursorPfCsAv/usr/share/cursor/resources/app/out/main.js:32:2937)
    at I.fire (file:///tmp/.mount_CursorPfCsAv/usr/share/cursor/resources/app/out/main.js:32:3257)
    at ac.value (file:///tmp/.mount_CursorPfCsAv/usr/share/cursor/resources/app/out/main.js:30:5754)
    at I._deliver (file:///tmp/.mount_CursorPfCsAv/usr/share/cursor/resources/app/out/main.js:32:2937)
    at I.fire (file:///tmp/.mount_CursorPfCsAv/usr/share/cursor/resources/app/out/main.js:32:3257)
    at ac.value (file:///tmp/.mount_CursorPfCsAv/usr/share/cursor/resources/app/out/main.js:30:5570)
    at I._deliver (file:///tmp/.mount_CursorPfCsAv/usr/share/cursor/resources/app/out/main.js:32:2937)
    at I._deliverQueue (file:///tmp/.mount_CursorPfCsAv/usr/share/cursor/resources/app/out/main.js:32:3028)
    at I.fire (file:///tmp/.mount_CursorPfCsAv/usr/share/cursor/resources/app/out/main.js:32:3364)
    at fE.deregisterLogger (file:///tmp/.mount_CursorPfCsAv/usr/share/cursor/resources/app/out/main.js:37:21179)
    at fE.deregisterLogger (file:///tmp/.mount_CursorPfCsAv/usr/share/cursor/resources/app/out/main.js:55:32899)
    at fE.deregisterLoggers (file:///tmp/.mount_CursorPfCsAv/usr/share/cursor/resources/app/out/main.js:55:33662)
    at Rl.dispose (file:///tmp/.mount_CursorPfCsAv/usr/share/cursor/resources/app/out/main.js:61:519)
    at ac.value (file:///tmp/.mount_CursorPfCsAv/usr/share/cursor/resources/app/out/main.js:57:64720)
    at I._deliver (file:///tmp/.mount_CursorPfCsAv/usr/share/cursor/resources/app/out/main.js:32:2937)
    at I.fire (file:///tmp/.mount_CursorPfCsAv/usr/share/cursor/resources/app/out/main.js:32:3257)
    at BrowserWindow.H (file:///tmp/.mount_CursorPfCsAv/usr/share/cursor/resources/app/out/main.js:30:8047)
    at BrowserWindow.emit (node:events:536:35)
    at Rl.destroyWindow (file:///tmp/.mount_CursorPfCsAv/usr/share/cursor/resources/app/out/main.js:57:79435)
    at Rl.onWindowError (file:///tmp/.mount_CursorPfCsAv/usr/share/cursor/resources/app/out/main.js:57:78755)
    at process.processTicksAndRejections (node:internal/process/task_queues:95:5)
Error sending from webFrameMain:  Error: Render frame was disposed before WebFrameMain could be accessed
    at s.send (node:electron/js2c/browser_init:2:93094)
    at _.send (node:electron/js2c/browser_init:2:76130)
    at B_.send (file:///tmp/.mount_CursorPfCsAv/usr/share/cursor/resources/app/out/main.js:35:28474)
    at Jg.sendBuffer (file:///tmp/.mount_CursorPfCsAv/usr/share/cursor/resources/app/out/main.js:33:13410)
    at Jg.send (file:///tmp/.mount_CursorPfCsAv/usr/share/cursor/resources/app/out/main.js:33:13350)
    at Jg.sendResponse (file:///tmp/.mount_CursorPfCsAv/usr/share/cursor/resources/app/out/main.js:33:13201)
    at ac.value (file:///tmp/.mount_CursorPfCsAv/usr/share/cursor/resources/app/out/main.js:34:343)
    at I._deliver (file:///tmp/.mount_CursorPfCsAv/usr/share/cursor/resources/app/out/main.js:32:2937)
    at I.fire (file:///tmp/.mount_CursorPfCsAv/usr/share/cursor/resources/app/out/main.js:32:3257)
    at ac.value (file:///tmp/.mount_CursorPfCsAv/usr/share/cursor/resources/app/out/main.js:30:5754)
    at I._deliver (file:///tmp/.mount_CursorPfCsAv/usr/share/cursor/resources/app/out/main.js:32:2937)
    at I.fire (file:///tmp/.mount_CursorPfCsAv/usr/share/cursor/resources/app/out/main.js:32:3257)
    at ac.value (file:///tmp/.mount_CursorPfCsAv/usr/share/cursor/resources/app/out/main.js:30:5570)
    at I._deliver (file:///tmp/.mount_CursorPfCsAv/usr/share/cursor/resources/app/out/main.js:32:2937)
    at I._deliverQueue (file:///tmp/.mount_CursorPfCsAv/usr/share/cursor/resources/app/out/main.js:32:3028)
    at I.fire (file:///tmp/.mount_CursorPfCsAv/usr/share/cursor/resources/app/out/main.js:32:3364)
    at fE.deregisterLogger (file:///tmp/.mount_CursorPfCsAv/usr/share/cursor/resources/app/out/main.js:37:21179)
    at fE.deregisterLogger (file:///tmp/.mount_CursorPfCsAv/usr/share/cursor/resources/app/out/main.js:55:32899)
    at fE.deregisterLoggers (file:///tmp/.mount_CursorPfCsAv/usr/share/cursor/resources/app/out/main.js:55:33662)
    at Rl.dispose (file:///tmp/.mount_CursorPfCsAv/usr/share/cursor/resources/app/out/main.js:61:519)
    at ac.value (file:///tmp/.mount_CursorPfCsAv/usr/share/cursor/resources/app/out/main.js:57:64720)
    at I._deliver (file:///tmp/.mount_CursorPfCsAv/usr/share/cursor/resources/app/out/main.js:32:2937)
    at I.fire (file:///tmp/.mount_CursorPfCsAv/usr/share/cursor/resources/app/out/main.js:32:3257)
    at BrowserWindow.H (file:///tmp/.mount_CursorPfCsAv/usr/share/cursor/resources/app/out/main.js:30:8047)
    at BrowserWindow.emit (node:events:536:35)
    at Rl.destroyWindow (file:///tmp/.mount_CursorPfCsAv/usr/share/cursor/resources/app/out/main.js:57:79435)
    at Rl.onWindowError (file:///tmp/.mount_CursorPfCsAv/usr/share/cursor/resources/app/out/main.js:57:78755)
    at process.processTicksAndRejections (node:internal/process/task_queues:95:5)
Error sending from webFrameMain:  Error: Render frame was disposed before WebFrameMain could be accessed
    at s.send (node:electron/js2c/browser_init:2:93094)
    at _.send (node:electron/js2c/browser_init:2:76130)
    at B_.send (file:///tmp/.mount_CursorPfCsAv/usr/share/cursor/resources/app/out/main.js:35:28474)
    at Jg.sendBuffer (file:///tmp/.mount_CursorPfCsAv/usr/share/cursor/resources/app/out/main.js:33:13410)
    at Jg.send (file:///tmp/.mount_CursorPfCsAv/usr/share/cursor/resources/app/out/main.js:33:13350)
    at Jg.sendResponse (file:///tmp/.mount_CursorPfCsAv/usr/share/cursor/resources/app/out/main.js:33:13201)
    at ac.value (file:///tmp/.mount_CursorPfCsAv/usr/share/cursor/resources/app/out/main.js:34:343)
    at I._deliver (file:///tmp/.mount_CursorPfCsAv/usr/share/cursor/resources/app/out/main.js:32:2937)
    at I.fire (file:///tmp/.mount_CursorPfCsAv/usr/share/cursor/resources/app/out/main.js:32:3257)
    at ac.value (file:///tmp/.mount_CursorPfCsAv/usr/share/cursor/resources/app/out/main.js:30:5754)
    at I._deliver (file:///tmp/.mount_CursorPfCsAv/usr/share/cursor/resources/app/out/main.js:32:2937)
    at I.fire (file:///tmp/.mount_CursorPfCsAv/usr/share/cursor/resources/app/out/main.js:32:3257)
    at ac.value (file:///tmp/.mount_CursorPfCsAv/usr/share/cursor/resources/app/out/main.js:30:5570)
    at I._deliver (file:///tmp/.mount_CursorPfCsAv/usr/share/cursor/resources/app/out/main.js:32:2937)
    at I._deliverQueue (file:///tmp/.mount_CursorPfCsAv/usr/share/cursor/resources/app/out/main.js:32:3028)
    at I.fire (file:///tmp/.mount_CursorPfCsAv/usr/share/cursor/resources/app/out/main.js:32:3364)
    at fE.deregisterLogger (file:///tmp/.mount_CursorPfCsAv/usr/share/cursor/resources/app/out/main.js:37:21179)
    at fE.deregisterLogger (file:///tmp/.mount_CursorPfCsAv/usr/share/cursor/resources/app/out/main.js:55:32899)
    at fE.deregisterLoggers (file:///tmp/.mount_CursorPfCsAv/usr/share/cursor/resources/app/out/main.js:55:33662)
    at Rl.dispose (file:///tmp/.mount_CursorPfCsAv/usr/share/cursor/resources/app/out/main.js:61:519)
    at ac.value (file:///tmp/.mount_CursorPfCsAv/usr/share/cursor/resources/app/out/main.js:57:64720)
    at I._deliver (file:///tmp/.mount_CursorPfCsAv/usr/share/cursor/resources/app/out/main.js:32:2937)
    at I.fire (file:///tmp/.mount_CursorPfCsAv/usr/share/cursor/resources/app/out/main.js:32:3257)
    at BrowserWindow.H (file:///tmp/.mount_CursorPfCsAv/usr/share/cursor/resources/app/out/main.js:30:8047)
    at BrowserWindow.emit (node:events:536:35)
    at Rl.destroyWindow (file:///tmp/.mount_CursorPfCsAv/usr/share/cursor/resources/app/out/main.js:57:79435)
    at Rl.onWindowError (file:///tmp/.mount_CursorPfCsAv/usr/share/cursor/resources/app/out/main.js:57:78755)
    at process.processTicksAndRejections (node:internal/process/task_queues:95:5)
Error sending from webFrameMain:  Error: Render frame was disposed before WebFrameMain could be accessed
    at s.send (node:electron/js2c/browser_init:2:93094)
    at _.send (node:electron/js2c/browser_init:2:76130)
    at B_.send (file:///tmp/.mount_CursorPfCsAv/usr/share/cursor/resources/app/out/main.js:35:28474)
    at Jg.sendBuffer (file:///tmp/.mount_CursorPfCsAv/usr/share/cursor/resources/app/out/main.js:33:13410)
    at Jg.send (file:///tmp/.mount_CursorPfCsAv/usr/share/cursor/resources/app/out/main.js:33:13350)
    at Jg.sendResponse (file:///tmp/.mount_CursorPfCsAv/usr/share/cursor/resources/app/out/main.js:33:13201)
    at ac.value (file:///tmp/.mount_CursorPfCsAv/usr/share/cursor/resources/app/out/main.js:34:343)
    at I._deliver (file:///tmp/.mount_CursorPfCsAv/usr/share/cursor/resources/app/out/main.js:32:2937)
    at I.fire (file:///tmp/.mount_CursorPfCsAv/usr/share/cursor/resources/app/out/main.js:32:3257)
    at ac.value (file:///tmp/.mount_CursorPfCsAv/usr/share/cursor/resources/app/out/main.js:30:5754)
    at I._deliver (file:///tmp/.mount_CursorPfCsAv/usr/share/cursor/resources/app/out/main.js:32:2937)
    at I.fire (file:///tmp/.mount_CursorPfCsAv/usr/share/cursor/resources/app/out/main.js:32:3257)
    at ac.value (file:///tmp/.mount_CursorPfCsAv/usr/share/cursor/resources/app/out/main.js:30:5570)
    at I._deliver (file:///tmp/.mount_CursorPfCsAv/usr/share/cursor/resources/app/out/main.js:32:2937)
    at I._deliverQueue (file:///tmp/.mount_CursorPfCsAv/usr/share/cursor/resources/app/out/main.js:32:3028)
    at I.fire (file:///tmp/.mount_CursorPfCsAv/usr/share/cursor/resources/app/out/main.js:32:3364)
    at fE.deregisterLogger (file:///tmp/.mount_CursorPfCsAv/usr/share/cursor/resources/app/out/main.js:37:21179)
    at fE.deregisterLogger (file:///tmp/.mount_CursorPfCsAv/usr/share/cursor/resources/app/out/main.js:55:32899)
    at fE.deregisterLoggers (file:///tmp/.mount_CursorPfCsAv/usr/share/cursor/resources/app/out/main.js:55:33662)
    at Rl.dispose (file:///tmp/.mount_CursorPfCsAv/usr/share/cursor/resources/app/out/main.js:61:519)
    at ac.value (file:///tmp/.mount_CursorPfCsAv/usr/share/cursor/resources/app/out/main.js:57:64720)
    at I._deliver (file:///tmp/.mount_CursorPfCsAv/usr/share/cursor/resources/app/out/main.js:32:2937)
    at I.fire (file:///tmp/.mount_CursorPfCsAv/usr/share/cursor/resources/app/out/main.js:32:3257)
    at BrowserWindow.H (file:///tmp/.mount_CursorPfCsAv/usr/share/cursor/resources/app/out/main.js:30:8047)
    at BrowserWindow.emit (node:events:536:35)
    at Rl.destroyWindow (file:///tmp/.mount_CursorPfCsAv/usr/share/cursor/resources/app/out/main.js:57:79435)
    at Rl.onWindowError (file:///tmp/.mount_CursorPfCsAv/usr/share/cursor/resources/app/out/main.js:57:78755)
    at process.processTicksAndRejections (node:internal/process/task_queues:95:5)
Error sending from webFrameMain:  Error: Render frame was disposed before WebFrameMain could be accessed
    at s.send (node:electron/js2c/browser_init:2:93094)
    at _.send (node:electron/js2c/browser_init:2:76130)
    at B_.send (file:///tmp/.mount_CursorPfCsAv/usr/share/cursor/resources/app/out/main.js:35:28474)
    at Jg.sendBuffer (file:///tmp/.mount_CursorPfCsAv/usr/share/cursor/resources/app/out/main.js:33:13410)
    at Jg.send (file:///tmp/.mount_CursorPfCsAv/usr/share/cursor/resources/app/out/main.js:33:13350)
    at Jg.sendResponse (file:///tmp/.mount_CursorPfCsAv/usr/share/cursor/resources/app/out/main.js:33:13201)
    at ac.value (file:///tmp/.mount_CursorPfCsAv/usr/share/cursor/resources/app/out/main.js:34:343)
    at I._deliver (file:///tmp/.mount_CursorPfCsAv/usr/share/cursor/resources/app/out/main.js:32:2937)
    at I.fire (file:///tmp/.mount_CursorPfCsAv/usr/share/cursor/resources/app/out/main.js:32:3257)
    at ac.value (file:///tmp/.mount_CursorPfCsAv/usr/share/cursor/resources/app/out/main.js:30:5754)
    at I._deliver (file:///tmp/.mount_CursorPfCsAv/usr/share/cursor/resources/app/out/main.js:32:2937)
    at I.fire (file:///tmp/.mount_CursorPfCsAv/usr/share/cursor/resources/app/out/main.js:32:3257)
    at ac.value (file:///tmp/.mount_CursorPfCsAv/usr/share/cursor/resources/app/out/main.js:30:5570)
    at I._deliver (file:///tmp/.mount_CursorPfCsAv/usr/share/cursor/resources/app/out/main.js:32:2937)
    at I._deliverQueue (file:///tmp/.mount_CursorPfCsAv/usr/share/cursor/resources/app/out/main.js:32:3028)
    at I.fire (file:///tmp/.mount_CursorPfCsAv/usr/share/cursor/resources/app/out/main.js:32:3364)
    at fE.deregisterLogger (file:///tmp/.mount_CursorPfCsAv/usr/share/cursor/resources/app/out/main.js:37:21179)
    at fE.deregisterLogger (file:///tmp/.mount_CursorPfCsAv/usr/share/cursor/resources/app/out/main.js:55:32899)
    at fE.deregisterLoggers (file:///tmp/.mount_CursorPfCsAv/usr/share/cursor/resources/app/out/main.js:55:33662)
    at Rl.dispose (file:///tmp/.mount_CursorPfCsAv/usr/share/cursor/resources/app/out/main.js:61:519)
    at ac.value (file:///tmp/.mount_CursorPfCsAv/usr/share/cursor/resources/app/out/main.js:57:64720)
    at I._deliver (file:///tmp/.mount_CursorPfCsAv/usr/share/cursor/resources/app/out/main.js:32:2937)
    at I.fire (file:///tmp/.mount_CursorPfCsAv/usr/share/cursor/resources/app/out/main.js:32:3257)
    at BrowserWindow.H (file:///tmp/.mount_CursorPfCsAv/usr/share/cursor/resources/app/out/main.js:30:8047)
    at BrowserWindow.emit (node:events:536:35)
    at Rl.destroyWindow (file:///tmp/.mount_CursorPfCsAv/usr/share/cursor/resources/app/out/main.js:57:79435)
    at Rl.onWindowError (file:///tmp/.mount_CursorPfCsAv/usr/share/cursor/resources/app/out/main.js:57:78755)
    at process.processTicksAndRejections (node:internal/process/task_queues:95:5)
Error sending from webFrameMain:  Error: Render frame was disposed before WebFrameMain could be accessed
    at s.send (node:electron/js2c/browser_init:2:93094)
    at _.send (node:electron/js2c/browser_init:2:76130)
    at B_.send (file:///tmp/.mount_CursorPfCsAv/usr/share/cursor/resources/app/out/main.js:35:28474)
    at Jg.sendBuffer (file:///tmp/.mount_CursorPfCsAv/usr/share/cursor/resources/app/out/main.js:33:13410)
    at Jg.send (file:///tmp/.mount_CursorPfCsAv/usr/share/cursor/resources/app/out/main.js:33:13350)
    at Jg.sendResponse (file:///tmp/.mount_CursorPfCsAv/usr/share/cursor/resources/app/out/main.js:33:13201)
    at ac.value (file:///tmp/.mount_CursorPfCsAv/usr/share/cursor/resources/app/out/main.js:34:343)
    at I._deliver (file:///tmp/.mount_CursorPfCsAv/usr/share/cursor/resources/app/out/main.js:32:2937)
    at I.fire (file:///tmp/.mount_CursorPfCsAv/usr/share/cursor/resources/app/out/main.js:32:3257)
    at ac.value (file:///tmp/.mount_CursorPfCsAv/usr/share/cursor/resources/app/out/main.js:30:5754)
    at I._deliver (file:///tmp/.mount_CursorPfCsAv/usr/share/cursor/resources/app/out/main.js:32:2937)
    at I.fire (file:///tmp/.mount_CursorPfCsAv/usr/share/cursor/resources/app/out/main.js:32:3257)
    at ac.value (file:///tmp/.mount_CursorPfCsAv/usr/share/cursor/resources/app/out/main.js:30:5570)
    at I._deliver (file:///tmp/.mount_CursorPfCsAv/usr/share/cursor/resources/app/out/main.js:32:2937)
    at I._deliverQueue (file:///tmp/.mount_CursorPfCsAv/usr/share/cursor/resources/app/out/main.js:32:3028)
    at I.fire (file:///tmp/.mount_CursorPfCsAv/usr/share/cursor/resources/app/out/main.js:32:3364)
    at fE.deregisterLogger (file:///tmp/.mount_CursorPfCsAv/usr/share/cursor/resources/app/out/main.js:37:21179)
    at fE.deregisterLogger (file:///tmp/.mount_CursorPfCsAv/usr/share/cursor/resources/app/out/main.js:55:32899)
    at fE.deregisterLoggers (file:///tmp/.mount_CursorPfCsAv/usr/share/cursor/resources/app/out/main.js:55:33662)
    at Rl.dispose (file:///tmp/.mount_CursorPfCsAv/usr/share/cursor/resources/app/out/main.js:61:519)
    at ac.value (file:///tmp/.mount_CursorPfCsAv/usr/share/cursor/resources/app/out/main.js:57:64720)
    at I._deliver (file:///tmp/.mount_CursorPfCsAv/usr/share/cursor/resources/app/out/main.js:32:2937)
    at I.fire (file:///tmp/.mount_CursorPfCsAv/usr/share/cursor/resources/app/out/main.js:32:3257)
    at BrowserWindow.H (file:///tmp/.mount_CursorPfCsAv/usr/share/cursor/resources/app/out/main.js:30:8047)
    at BrowserWindow.emit (node:events:536:35)
    at Rl.destroyWindow (file:///tmp/.mount_CursorPfCsAv/usr/share/cursor/resources/app/out/main.js:57:79435)
    at Rl.onWindowError (file:///tmp/.mount_CursorPfCsAv/usr/share/cursor/resources/app/out/main.js:57:78755)
    at process.processTicksAndRejections (node:internal/process/task_queues:95:5)
Error sending from webFrameMain:  Error: Render frame was disposed before WebFrameMain could be accessed
    at s.send (node:electron/js2c/browser_init:2:93094)
    at _.send (node:electron/js2c/browser_init:2:76130)
    at B_.send (file:///tmp/.mount_CursorPfCsAv/usr/share/cursor/resources/app/out/main.js:35:28474)
    at Jg.sendBuffer (file:///tmp/.mount_CursorPfCsAv/usr/share/cursor/resources/app/out/main.js:33:13410)
    at Jg.send (file:///tmp/.mount_CursorPfCsAv/usr/share/cursor/resources/app/out/main.js:33:13350)
    at Jg.sendResponse (file:///tmp/.mount_CursorPfCsAv/usr/share/cursor/resources/app/out/main.js:33:13201)
    at ac.value (file:///tmp/.mount_CursorPfCsAv/usr/share/cursor/resources/app/out/main.js:34:343)
    at I._deliver (file:///tmp/.mount_CursorPfCsAv/usr/share/cursor/resources/app/out/main.js:32:2937)
    at I.fire (file:///tmp/.mount_CursorPfCsAv/usr/share/cursor/resources/app/out/main.js:32:3257)
    at ac.value (file:///tmp/.mount_CursorPfCsAv/usr/share/cursor/resources/app/out/main.js:30:5754)
    at I._deliver (file:///tmp/.mount_CursorPfCsAv/usr/share/cursor/resources/app/out/main.js:32:2937)
    at I.fire (file:///tmp/.mount_CursorPfCsAv/usr/share/cursor/resources/app/out/main.js:32:3257)
    at ac.value (file:///tmp/.mount_CursorPfCsAv/usr/share/cursor/resources/app/out/main.js:30:5570)
    at I._deliver (file:///tmp/.mount_CursorPfCsAv/usr/share/cursor/resources/app/out/main.js:32:2937)
    at I._deliverQueue (file:///tmp/.mount_CursorPfCsAv/usr/share/cursor/resources/app/out/main.js:32:3028)
    at I.fire (file:///tmp/.mount_CursorPfCsAv/usr/share/cursor/resources/app/out/main.js:32:3364)
    at fE.deregisterLogger (file:///tmp/.mount_CursorPfCsAv/usr/share/cursor/resources/app/out/main.js:37:21179)
    at fE.deregisterLogger (file:///tmp/.mount_CursorPfCsAv/usr/share/cursor/resources/app/out/main.js:55:32899)
    at fE.deregisterLoggers (file:///tmp/.mount_CursorPfCsAv/usr/share/cursor/resources/app/out/main.js:55:33662)
    at Rl.dispose (file:///tmp/.mount_CursorPfCsAv/usr/share/cursor/resources/app/out/main.js:61:519)
    at ac.value (file:///tmp/.mount_CursorPfCsAv/usr/share/cursor/resources/app/out/main.js:57:64720)
    at I._deliver (file:///tmp/.mount_CursorPfCsAv/usr/share/cursor/resources/app/out/main.js:32:2937)
    at I.fire (file:///tmp/.mount_CursorPfCsAv/usr/share/cursor/resources/app/out/main.js:32:3257)
    at BrowserWindow.H (file:///tmp/.mount_CursorPfCsAv/usr/share/cursor/resources/app/out/main.js:30:8047)
    at BrowserWindow.emit (node:events:536:35)
    at Rl.destroyWindow (file:///tmp/.mount_CursorPfCsAv/usr/share/cursor/resources/app/out/main.js:57:79435)
    at Rl.onWindowError (file:///tmp/.mount_CursorPfCsAv/usr/share/cursor/resources/app/out/main.js:57:78755)
    at process.processTicksAndRejections (node:internal/process/task_queues:95:5)
Error sending from webFrameMain:  Error: Render frame was disposed before WebFrameMain could be accessed
    at s.send (node:electron/js2c/browser_init:2:93094)
    at _.send (node:electron/js2c/browser_init:2:76130)
    at B_.send (file:///tmp/.mount_CursorPfCsAv/usr/share/cursor/resources/app/out/main.js:35:28474)
    at Jg.sendBuffer (file:///tmp/.mount_CursorPfCsAv/usr/share/cursor/resources/app/out/main.js:33:13410)
    at Jg.send (file:///tmp/.mount_CursorPfCsAv/usr/share/cursor/resources/app/out/main.js:33:13350)
    at Jg.sendResponse (file:///tmp/.mount_CursorPfCsAv/usr/share/cursor/resources/app/out/main.js:33:13201)
    at ac.value (file:///tmp/.mount_CursorPfCsAv/usr/share/cursor/resources/app/out/main.js:34:343)
    at I._deliver (file:///tmp/.mount_CursorPfCsAv/usr/share/cursor/resources/app/out/main.js:32:2937)
    at I.fire (file:///tmp/.mount_CursorPfCsAv/usr/share/cursor/resources/app/out/main.js:32:3257)
    at ac.value (file:///tmp/.mount_CursorPfCsAv/usr/share/cursor/resources/app/out/main.js:30:5754)
    at I._deliver (file:///tmp/.mount_CursorPfCsAv/usr/share/cursor/resources/app/out/main.js:32:2937)
    at I.fire (file:///tmp/.mount_CursorPfCsAv/usr/share/cursor/resources/app/out/main.js:32:3257)
    at ac.value (file:///tmp/.mount_CursorPfCsAv/usr/share/cursor/resources/app/out/main.js:30:5570)
    at I._deliver (file:///tmp/.mount_CursorPfCsAv/usr/share/cursor/resources/app/out/main.js:32:2937)
    at I._deliverQueue (file:///tmp/.mount_CursorPfCsAv/usr/share/cursor/resources/app/out/main.js:32:3028)
    at I.fire (file:///tmp/.mount_CursorPfCsAv/usr/share/cursor/resources/app/out/main.js:32:3364)
    at fE.deregisterLogger (file:///tmp/.mount_CursorPfCsAv/usr/share/cursor/resources/app/out/main.js:37:21179)
    at fE.deregisterLogger (file:///tmp/.mount_CursorPfCsAv/usr/share/cursor/resources/app/out/main.js:55:32899)
    at fE.deregisterLoggers (file:///tmp/.mount_CursorPfCsAv/usr/share/cursor/resources/app/out/main.js:55:33662)
    at Rl.dispose (file:///tmp/.mount_CursorPfCsAv/usr/share/cursor/resources/app/out/main.js:61:519)
    at ac.value (file:///tmp/.mount_CursorPfCsAv/usr/share/cursor/resources/app/out/main.js:57:64720)
    at I._deliver (file:///tmp/.mount_CursorPfCsAv/usr/share/cursor/resources/app/out/main.js:32:2937)
    at I.fire (file:///tmp/.mount_CursorPfCsAv/usr/share/cursor/resources/app/out/main.js:32:3257)
    at BrowserWindow.H (file:///tmp/.mount_CursorPfCsAv/usr/share/cursor/resources/app/out/main.js:30:8047)
    at BrowserWindow.emit (node:events:536:35)
    at Rl.destroyWindow (file:///tmp/.mount_CursorPfCsAv/usr/share/cursor/resources/app/out/main.js:57:79435)
    at Rl.onWindowError (file:///tmp/.mount_CursorPfCsAv/usr/share/cursor/resources/app/out/main.js:57:78755)
    at process.processTicksAndRejections (node:internal/process/task_queues:95:5)
Error sending from webFrameMain:  Error: Render frame was disposed before WebFrameMain could be accessed
    at s.send (node:electron/js2c/browser_init:2:93094)
    at _.send (node:electron/js2c/browser_init:2:76130)
    at B_.send (file:///tmp/.mount_CursorPfCsAv/usr/share/cursor/resources/app/out/main.js:35:28474)
    at Jg.sendBuffer (file:///tmp/.mount_CursorPfCsAv/usr/share/cursor/resources/app/out/main.js:33:13410)
    at Jg.send (file:///tmp/.mount_CursorPfCsAv/usr/share/cursor/resources/app/out/main.js:33:13350)
    at Jg.sendResponse (file:///tmp/.mount_CursorPfCsAv/usr/share/cursor/resources/app/out/main.js:33:13201)
    at ac.value (file:///tmp/.mount_CursorPfCsAv/usr/share/cursor/resources/app/out/main.js:34:343)
    at I._deliver (file:///tmp/.mount_CursorPfCsAv/usr/share/cursor/resources/app/out/main.js:32:2937)
    at I.fire (file:///tmp/.mount_CursorPfCsAv/usr/share/cursor/resources/app/out/main.js:32:3257)
    at ac.value (file:///tmp/.mount_CursorPfCsAv/usr/share/cursor/resources/app/out/main.js:30:5754)
    at I._deliver (file:///tmp/.mount_CursorPfCsAv/usr/share/cursor/resources/app/out/main.js:32:2937)
    at I.fire (file:///tmp/.mount_CursorPfCsAv/usr/share/cursor/resources/app/out/main.js:32:3257)
    at ac.value (file:///tmp/.mount_CursorPfCsAv/usr/share/cursor/resources/app/out/main.js:30:5570)
    at I._deliver (file:///tmp/.mount_CursorPfCsAv/usr/share/cursor/resources/app/out/main.js:32:2937)
    at I._deliverQueue (file:///tmp/.mount_CursorPfCsAv/usr/share/cursor/resources/app/out/main.js:32:3028)
    at I.fire (file:///tmp/.mount_CursorPfCsAv/usr/share/cursor/resources/app/out/main.js:32:3364)
    at fE.deregisterLogger (file:///tmp/.mount_CursorPfCsAv/usr/share/cursor/resources/app/out/main.js:37:21179)
    at fE.deregisterLogger (file:///tmp/.mount_CursorPfCsAv/usr/share/cursor/resources/app/out/main.js:55:32899)
    at fE.deregisterLoggers (file:///tmp/.mount_CursorPfCsAv/usr/share/cursor/resources/app/out/main.js:55:33662)
    at Rl.dispose (file:///tmp/.mount_CursorPfCsAv/usr/share/cursor/resources/app/out/main.js:61:519)
    at ac.value (file:///tmp/.mount_CursorPfCsAv/usr/share/cursor/resources/app/out/main.js:57:64720)
    at I._deliver (file:///tmp/.mount_CursorPfCsAv/usr/share/cursor/resources/app/out/main.js:32:2937)
    at I.fire (file:///tmp/.mount_CursorPfCsAv/usr/share/cursor/resources/app/out/main.js:32:3257)
    at BrowserWindow.H (file:///tmp/.mount_CursorPfCsAv/usr/share/cursor/resources/app/out/main.js:30:8047)
    at BrowserWindow.emit (node:events:536:35)
    at Rl.destroyWindow (file:///tmp/.mount_CursorPfCsAv/usr/share/cursor/resources/app/out/main.js:57:79435)
    at Rl.onWindowError (file:///tmp/.mount_CursorPfCsAv/usr/share/cursor/resources/app/out/main.js:57:78755)
    at process.processTicksAndRejections (node:internal/process/task_queues:95:5)
The setuid sandbox is not running as root. Common causes:
  * An unprivileged process using ptrace on it, like a debugger.
  * A parent process set prctl(PR_SET_NO_NEW_PRIVS, ...)
Failed to move to new namespace: PID namespaces supported, Network namespace supported, but failed: errno = Operation not permitted
[15265:0927/105137.830930:FATAL:zygote_host_impl_linux.cc(207)] Check failed: . : Invalid argument (22)
